<?xml version="1.0" encoding="UTF-8"?>
<testng-results ignored="0" total="9" passed="9" failed="0" skipped="0">
  <reporter-output>
  </reporter-output>
  <suite started-at="2023-11-27T10:59:03 IST" name="Suite" finished-at="2023-11-27T11:00:41 IST" duration-ms="98020">
    <groups>
    </groups>
    <test started-at="2023-11-27T10:59:03 IST" name="Test" finished-at="2023-11-27T11:00:41 IST" duration-ms="98020">
      <class name="org.test.testPages.HeaderSection">
        <test-method is-config="true" signature="StartBrowser()[pri:0, instance:org.test.testPages.HeaderSection@4b2bac3f]" started-at="2023-11-27T10:59:09 IST" name="StartBrowser" finished-at="2023-11-27T10:59:13 IST" duration-ms="4328" status="PASS">
          <reporter-output>
          </reporter-output>
        </test-method> <!-- StartBrowser -->
        <test-method signature="HeaderSectionFunc()[pri:0, instance:org.test.testPages.HeaderSection@4b2bac3f]" started-at="2023-11-27T11:00:30 IST" name="HeaderSectionFunc" finished-at="2023-11-27T11:00:34 IST" duration-ms="4355" status="PASS">
          <reporter-output>
          </reporter-output>
        </test-method> <!-- HeaderSectionFunc -->
        <test-method is-config="true" signature="closeBrowser()[pri:0, instance:org.test.testPages.HeaderSection@4b2bac3f]" started-at="2023-11-27T11:00:38 IST" name="closeBrowser" finished-at="2023-11-27T11:00:39 IST" duration-ms="845" status="PASS">
          <reporter-output>
          </reporter-output>
        </test-method> <!-- closeBrowser -->
      </class> <!-- org.test.testPages.HeaderSection -->
      <class name="org.test.testPages.SearchFunc">
        <test-method is-config="true" signature="StartBrowser()[pri:0, instance:org.test.testPages.SearchFunc@1165b38]" started-at="2023-11-27T10:59:38 IST" name="StartBrowser" finished-at="2023-11-27T11:00:06 IST" duration-ms="27569" status="PASS">
          <reporter-output>
          </reporter-output>
        </test-method> <!-- StartBrowser -->
        <test-method signature="SearchTesting()[pri:0, instance:org.test.testPages.SearchFunc@1165b38]" started-at="2023-11-27T11:00:06 IST" name="SearchTesting" finished-at="2023-11-27T11:00:09 IST" duration-ms="2954" status="PASS">
          <reporter-output>
          </reporter-output>
        </test-method> <!-- SearchTesting -->
        <test-method is-config="true" signature="closeBrowser()[pri:0, instance:org.test.testPages.SearchFunc@1165b38]" started-at="2023-11-27T11:00:40 IST" name="closeBrowser" finished-at="2023-11-27T11:00:41 IST" duration-ms="355" status="PASS">
          <reporter-output>
          </reporter-output>
        </test-method> <!-- closeBrowser -->
      </class> <!-- org.test.testPages.SearchFunc -->
      <class name="org.test.testPages.MovieDetailsPage">
        <test-method is-config="true" signature="StartBrowser()[pri:0, instance:org.test.testPages.MovieDetailsPage@4d1c00d0]" started-at="2023-11-27T10:59:31 IST" name="StartBrowser" finished-at="2023-11-27T10:59:38 IST" duration-ms="7342" status="PASS">
          <reporter-output>
          </reporter-output>
        </test-method> <!-- StartBrowser -->
        <test-method signature="movieDetailsPage()[pri:0, instance:org.test.testPages.MovieDetailsPage@4d1c00d0]" started-at="2023-11-27T11:00:21 IST" name="movieDetailsPage" finished-at="2023-11-27T11:00:30 IST" duration-ms="9105" status="PASS">
          <reporter-output>
          </reporter-output>
        </test-method> <!-- movieDetailsPage -->
        <test-method is-config="true" signature="closeBrowser()[pri:0, instance:org.test.testPages.MovieDetailsPage@4d1c00d0]" started-at="2023-11-27T11:00:40 IST" name="closeBrowser" finished-at="2023-11-27T11:00:40 IST" duration-ms="344" status="PASS">
          <reporter-output>
          </reporter-output>
        </test-method> <!-- closeBrowser -->
      </class> <!-- org.test.testPages.MovieDetailsPage -->
      <class name="org.test.testPages.HomePage">
        <test-method is-config="true" signature="StartBrowser()[pri:0, instance:org.test.testPages.HomePage@3c9754d8]" started-at="2023-11-27T10:59:13 IST" name="StartBrowser" finished-at="2023-11-27T10:59:17 IST" duration-ms="4329" status="PASS">
          <reporter-output>
          </reporter-output>
        </test-method> <!-- StartBrowser -->
        <test-method signature="testName()[pri:0, instance:org.test.testPages.HomePage@3c9754d8]" started-at="2023-11-27T11:00:12 IST" name="testName" finished-at="2023-11-27T11:00:15 IST" duration-ms="2734" status="PASS">
          <reporter-output>
          </reporter-output>
        </test-method> <!-- testName -->
        <test-method is-config="true" signature="closeBrowser()[pri:0, instance:org.test.testPages.HomePage@3c9754d8]" started-at="2023-11-27T11:00:39 IST" name="closeBrowser" finished-at="2023-11-27T11:00:39 IST" duration-ms="362" status="PASS">
          <reporter-output>
          </reporter-output>
        </test-method> <!-- closeBrowser -->
      </class> <!-- org.test.testPages.HomePage -->
      <class name="org.test.testPages.AccountPage">
        <test-method is-config="true" signature="StartBrowser()[pri:0, instance:org.test.testPages.AccountPage@79079097]" started-at="2023-11-27T10:59:03 IST" name="StartBrowser" finished-at="2023-11-27T10:59:07 IST" duration-ms="4239" status="PASS">
          <reporter-output>
          </reporter-output>
        </test-method> <!-- StartBrowser -->
        <test-method signature="accountPageTesting()[pri:0, instance:org.test.testPages.AccountPage@79079097]" started-at="2023-11-27T11:00:17 IST" name="accountPageTesting" finished-at="2023-11-27T11:00:21 IST" duration-ms="3856" status="PASS">
          <reporter-output>
          </reporter-output>
        </test-method> <!-- accountPageTesting -->
        <test-method is-config="true" signature="closeBrowser()[pri:0, instance:org.test.testPages.AccountPage@79079097]" started-at="2023-11-27T11:00:37 IST" name="closeBrowser" finished-at="2023-11-27T11:00:37 IST" duration-ms="427" status="PASS">
          <reporter-output>
          </reporter-output>
        </test-method> <!-- closeBrowser -->
      </class> <!-- org.test.testPages.AccountPage -->
      <class name="org.test.testPages.LoginPage">
        <test-method is-config="true" signature="StartBrowser()[pri:0, instance:org.test.testPages.LoginPage@3bf7ca37]" started-at="2023-11-27T10:59:23 IST" name="StartBrowser" finished-at="2023-11-27T10:59:31 IST" duration-ms="7792" status="PASS">
          <reporter-output>
          </reporter-output>
        </test-method> <!-- StartBrowser -->
        <test-method signature="ValidCredentials()[pri:0, instance:org.test.testPages.LoginPage@3bf7ca37]" started-at="2023-11-27T11:00:15 IST" name="ValidCredentials" finished-at="2023-11-27T11:00:17 IST" duration-ms="2476" status="PASS">
          <reporter-output>
          </reporter-output>
        </test-method> <!-- ValidCredentials -->
        <test-method is-config="true" signature="closeBrowser()[pri:0, instance:org.test.testPages.LoginPage@3bf7ca37]" started-at="2023-11-27T11:00:40 IST" name="closeBrowser" finished-at="2023-11-27T11:00:40 IST" duration-ms="377" status="PASS">
          <reporter-output>
          </reporter-output>
        </test-method> <!-- closeBrowser -->
      </class> <!-- org.test.testPages.LoginPage -->
      <class name="org.test.testPages.Login">
        <test-method is-config="true" signature="StartBrowser()[pri:0, instance:org.test.testPages.Login@4e08711f]" started-at="2023-11-27T10:59:17 IST" name="StartBrowser" finished-at="2023-11-27T10:59:23 IST" duration-ms="5698" status="PASS">
          <reporter-output>
          </reporter-output>
        </test-method> <!-- StartBrowser -->
        <test-method signature="LoginPageFunctionalites()[pri:0, instance:org.test.testPages.Login@4e08711f]" started-at="2023-11-27T11:00:34 IST" name="LoginPageFunctionalites" finished-at="2023-11-27T11:00:36 IST" duration-ms="1993" status="PASS">
          <reporter-output>
          </reporter-output>
        </test-method> <!-- LoginPageFunctionalites -->
        <test-method signature="LoginUI()[pri:0, instance:org.test.testPages.Login@4e08711f]" started-at="2023-11-27T11:00:36 IST" name="LoginUI" finished-at="2023-11-27T11:00:37 IST" duration-ms="567" status="PASS">
          <reporter-output>
          </reporter-output>
        </test-method> <!-- LoginUI -->
        <test-method is-config="true" signature="closeBrowser()[pri:0, instance:org.test.testPages.Login@4e08711f]" started-at="2023-11-27T11:00:39 IST" name="closeBrowser" finished-at="2023-11-27T11:00:40 IST" duration-ms="252" status="PASS">
          <reporter-output>
          </reporter-output>
        </test-method> <!-- closeBrowser -->
      </class> <!-- org.test.testPages.Login -->
      <class name="org.test.testPages.HeaderFunc">
        <test-method is-config="true" signature="StartBrowser()[pri:0, instance:org.test.testPages.HeaderFunc@7c6908d7]" started-at="2023-11-27T10:59:07 IST" name="StartBrowser" finished-at="2023-11-27T10:59:09 IST" duration-ms="1625" status="PASS">
          <reporter-output>
          </reporter-output>
        </test-method> <!-- StartBrowser -->
        <test-method signature="Header()[pri:0, instance:org.test.testPages.HeaderFunc@7c6908d7]" started-at="2023-11-27T11:00:09 IST" name="Header" finished-at="2023-11-27T11:00:12 IST" duration-ms="3057" status="PASS">
          <reporter-output>
          </reporter-output>
        </test-method> <!-- Header -->
        <test-method is-config="true" signature="closeBrowser()[pri:0, instance:org.test.testPages.HeaderFunc@7c6908d7]" started-at="2023-11-27T11:00:37 IST" name="closeBrowser" finished-at="2023-11-27T11:00:38 IST" duration-ms="782" status="PASS">
          <reporter-output>
          </reporter-output>
        </test-method> <!-- closeBrowser -->
      </class> <!-- org.test.testPages.HeaderFunc -->
    </test> <!-- Test -->
  </suite> <!-- Suite -->
</testng-results>
