<?xml version="1.0" encoding="UTF-8"?>
<!-- Generated by org.testng.reporters.JUnitXMLReporter -->
<testsuite ignored="0" hostname="Sasikumar" failures="0" tests="9" name="Test" time="98.02" errors="0" timestamp="2023-11-27T11:00:41 IST">
  <testcase classname="org.test.testPages.SearchFunc" name="SearchTesting" time="2.954"/>
  <testcase classname="org.test.testPages.HeaderFunc" name="Header" time="3.057"/>
  <testcase classname="org.test.testPages.HomePage" name="testName" time="2.734"/>
  <testcase classname="org.test.testPages.LoginPage" name="ValidCredentials" time="2.476"/>
  <testcase classname="org.test.testPages.AccountPage" name="accountPageTesting" time="3.856"/>
  <testcase classname="org.test.testPages.MovieDetailsPage" name="movieDetailsPage" time="9.105"/>
  <testcase classname="org.test.testPages.HeaderSection" name="HeaderSectionFunc" time="4.355"/>
  <testcase classname="org.test.testPages.Login" name="LoginPageFunctionalites" time="1.993"/>
  <testcase classname="org.test.testPages.Login" name="LoginUI" time="0.567"/>
</testsuite> <!-- Test -->
